<testng-results>
  <reporter-output>
  </reporter-output>
  <suite name="OMT-test">
    <groups>
    </groups>
    <test name="de.freebits.omt.test.PingTest">
      <class name="de.freebits.omt.test.PingTest">
        <test-method status="PASS" signature="end()" name="end" is-config="true" duration-ms="0" started-at="2010-02-04T10:35:27Z" finished-at="2010-02-04T10:35:27Z">
        </test-method>
        <test-method status="PASS" signature="stopSeam()" name="stopSeam" is-config="true" duration-ms="0" started-at="2010-02-04T10:35:27Z" finished-at="2010-02-04T10:35:27Z">
        </test-method>
        <test-method status="PASS" signature="cleanupClass()" name="cleanupClass" is-config="true" duration-ms="0" started-at="2010-02-04T10:35:27Z" finished-at="2010-02-04T10:35:27Z">
        </test-method>
        <test-method status="PASS" signature="begin()" name="begin" is-config="true" duration-ms="2000" started-at="2010-02-04T10:35:24Z" finished-at="2010-02-04T10:35:26Z">
        </test-method>
        <test-method status="PASS" signature="startSeam()" name="startSeam" is-config="true" duration-ms="14375" started-at="2010-02-04T10:35:10Z" finished-at="2010-02-04T10:35:24Z">
        </test-method>
        <test-method status="PASS" signature="test_ping()" name="test_ping" duration-ms="125" started-at="2010-02-04T10:35:26Z" finished-at="2010-02-04T10:35:27Z">
        </test-method>
        <test-method status="PASS" signature="setupClass()" name="setupClass" is-config="true" duration-ms="109" started-at="2010-02-04T10:35:24Z" finished-at="2010-02-04T10:35:24Z">
        </test-method>
      </class>
    </test>
  </suite>
</testng-results>
